c:\gamestechnologycoursework\in2026 coursework code\vc\asteroids\debug\vc143.pdb
c:\gamestechnologycoursework\in2026 coursework code\vc\asteroids\debug\vc143.idb
c:\gamestechnologycoursework\in2026 coursework code\vc\asteroids\debug\asteroid.obj
c:\gamestechnologycoursework\in2026 coursework code\vc\asteroids\debug\asteroids.obj
c:\gamestechnologycoursework\in2026 coursework code\vc\asteroids\debug\bullet.obj
c:\gamestechnologycoursework\in2026 coursework code\vc\asteroids\debug\explosion.obj
c:\gamestechnologycoursework\in2026 coursework code\vc\asteroids\debug\main.obj
c:\gamestechnologycoursework\in2026 coursework code\vc\asteroids\debug\spaceship.obj
c:\gamestechnologycoursework\in2026 coursework code\vc\asteroids\debug\asteroids.ilk
c:\gamestechnologycoursework\in2026 coursework code\vc\asteroids\debug\vc142.idb
c:\gamestechnologycoursework\in2026 coursework code\vc\asteroids\debug\asteroids.pdb
c:\gamestechnologycoursework\in2026 coursework code\vc\asteroids\debug\vc142.pdb
c:\gamestechnologycoursework\in2026 coursework code\bin\asteroids.exe
c:\gamestechnologycoursework\in2026 coursework code\vc\asteroids\debug\asteroids.tlog\cl.command.1.tlog
c:\gamestechnologycoursework\in2026 coursework code\vc\asteroids\debug\asteroids.tlog\cl.items.tlog
c:\gamestechnologycoursework\in2026 coursework code\vc\asteroids\debug\asteroids.tlog\cl.read.1.tlog
c:\gamestechnologycoursework\in2026 coursework code\vc\asteroids\debug\asteroids.tlog\cl.write.1.tlog
c:\gamestechnologycoursework\in2026 coursework code\vc\asteroids\debug\asteroids.tlog\link.command.1.tlog
c:\gamestechnologycoursework\in2026 coursework code\vc\asteroids\debug\asteroids.tlog\link.read.1.tlog
c:\gamestechnologycoursework\in2026 coursework code\vc\asteroids\debug\asteroids.tlog\link.secondary.1.tlog
c:\gamestechnologycoursework\in2026 coursework code\vc\asteroids\debug\asteroids.tlog\link.write.1.tlog
